2023-10-12 11:30:13.057 [info] Extension host with pid 2975 started
2023-10-12 11:30:13.057 [info] Skipping acquiring lock for /home/megame/.config/Code - OSS/User/workspaceStorage/de0cf12c92836a695d988275fd9f0d4f.
2023-10-12 11:30:13.608 [info] ExtensionService#_doActivateExtension vscode.emmet, startup: false, activationEvent: 'onLanguage'
2023-10-12 11:30:13.623 [info] ExtensionService#_doActivateExtension ms-python.python, startup: false, activationEvent: 'onLanguage:python'
2023-10-12 11:30:13.805 [info] ExtensionService#_doActivateExtension vscode.git-base, startup: true, activationEvent: '*', root cause: vscode.git
2023-10-12 11:30:13.851 [info] ExtensionService#_doActivateExtension vscode.git, startup: true, activationEvent: '*'
2023-10-12 11:30:13.888 [info] ExtensionService#_doActivateExtension vscode.github, startup: true, activationEvent: '*'
2023-10-12 11:30:13.967 [info] Eager extensions activated
2023-10-12 11:30:14.055 [info] ExtensionService#_doActivateExtension vscode.debug-auto-launch, startup: false, activationEvent: 'onStartupFinished'
2023-10-12 11:30:14.065 [info] ExtensionService#_doActivateExtension vscode.merge-conflict, startup: false, activationEvent: 'onStartupFinished'
2023-10-12 11:30:14.815 [info] ExtensionService#_doActivateExtension vscode.github-authentication, startup: false, activationEvent: 'onAuthenticationRequest:github'
2023-10-12 11:30:14.947 [error] Error: Extension 'ms-python.python' CANNOT use API proposal: testObserver.
Its package.json#enabledApiProposals-property declares:  but NOT testObserver.
 The missing proposal MUST be added and you must start in extension development mode or use the following command line switch: --enable-proposed-api ms-python.python
	at E (/usr/lib/code/out/vs/workbench/api/node/extensionHostProcess.js:123:71061)
	at get testResults [as testResults] (/usr/lib/code/out/vs/workbench/api/node/extensionHostProcess.js:140:23653)
	at w.activate (/home/megame/.vscode-oss/extensions/ms-python.python-2023.18.0-universal/out/client/extension.js:2:828271)
	at /home/megame/.vscode-oss/extensions/ms-python.python-2023.18.0-universal/out/client/extension.js:2:2386
	at Array.map (<anonymous>)
	at g.activateWorkspace (/home/megame/.vscode-oss/extensions/ms-python.python-2023.18.0-universal/out/client/extension.js:2:2376)
2023-10-12 11:30:15.152 [error] Error: Pending response rejected since connection got disposed
	at Object.dispose (/home/megame/.vscode-oss/extensions/ms-python.python-2023.18.0-universal/out/client/extension.js:2:2318937)
	at Object.dispose (/home/megame/.vscode-oss/extensions/ms-python.python-2023.18.0-universal/out/client/extension.js:2:2085486)
	at E.handleConnectionClosed (/home/megame/.vscode-oss/extensions/ms-python.python-2023.18.0-universal/out/client/extension.js:2:2085892)
	at E.handleConnectionClosed (/home/megame/.vscode-oss/extensions/ms-python.python-2023.18.0-universal/out/client/extension.js:2:2243068)
	at /home/megame/.vscode-oss/extensions/ms-python.python-2023.18.0-universal/out/client/extension.js:2:2085635
	at i.invoke (/home/megame/.vscode-oss/extensions/ms-python.python-2023.18.0-universal/out/client/extension.js:2:2320648)
	at o.fire (/home/megame/.vscode-oss/extensions/ms-python.python-2023.18.0-universal/out/client/extension.js:2:2321413)
	at te (/home/megame/.vscode-oss/extensions/ms-python.python-2023.18.0-universal/out/client/extension.js:2:2307060)
	at i.invoke (/home/megame/.vscode-oss/extensions/ms-python.python-2023.18.0-universal/out/client/extension.js:2:2320648)
	at o.fire (/home/megame/.vscode-oss/extensions/ms-python.python-2023.18.0-universal/out/client/extension.js:2:2321413)
	at y.fireClose (/home/megame/.vscode-oss/extensions/ms-python.python-2023.18.0-universal/out/client/extension.js:2:2332864)
	at Socket.<anonymous> (/home/megame/.vscode-oss/extensions/ms-python.python-2023.18.0-universal/out/client/extension.js:2:2333594)
	at Socket.emit (node:events:513:28)
	at Pipe.<anonymous> (node:net:322:12)
2023-10-12 11:30:15.153 [error] Error: Client is not running and can't be stopped. It's current state is: starting
	at E.shutdown (/home/megame/.vscode-oss/extensions/ms-python.python-2023.18.0-universal/out/client/extension.js:2:2080806)
	at E.stop (/home/megame/.vscode-oss/extensions/ms-python.python-2023.18.0-universal/out/client/extension.js:2:2080387)
	at E.stop (/home/megame/.vscode-oss/extensions/ms-python.python-2023.18.0-universal/out/client/extension.js:2:2242667)
	at E.doInitialize (/home/megame/.vscode-oss/extensions/ms-python.python-2023.18.0-universal/out/client/extension.js:2:2080210)
	at async E.start (/home/megame/.vscode-oss/extensions/ms-python.python-2023.18.0-universal/out/client/extension.js:2:2076776)
	at async l.start (/home/megame/.vscode-oss/extensions/ms-python.python-2023.18.0-universal/out/client/extension.js:2:19361)
2023-10-12 11:30:15.237 [error] Error: Client is not running and can't be stopped. It's current state is: startFailed
	at E.shutdown (/home/megame/.vscode-oss/extensions/ms-python.python-2023.18.0-universal/out/client/extension.js:2:2080806)
	at E.stop (/home/megame/.vscode-oss/extensions/ms-python.python-2023.18.0-universal/out/client/extension.js:2:2080387)
	at E.stop (/home/megame/.vscode-oss/extensions/ms-python.python-2023.18.0-universal/out/client/extension.js:2:2242667)
	at E.doInitialize (/home/megame/.vscode-oss/extensions/ms-python.python-2023.18.0-universal/out/client/extension.js:2:2080210)
	at async E.start (/home/megame/.vscode-oss/extensions/ms-python.python-2023.18.0-universal/out/client/extension.js:2:2076776)
2023-10-12 11:30:15.284 [error] Error: Client is not running and can't be stopped. It's current state is: startFailed
	at E.shutdown (/home/megame/.vscode-oss/extensions/ms-python.python-2023.18.0-universal/out/client/extension.js:2:2080806)
	at E.stop (/home/megame/.vscode-oss/extensions/ms-python.python-2023.18.0-universal/out/client/extension.js:2:2080387)
	at E.stop (/home/megame/.vscode-oss/extensions/ms-python.python-2023.18.0-universal/out/client/extension.js:2:2242667)
	at E.doInitialize (/home/megame/.vscode-oss/extensions/ms-python.python-2023.18.0-universal/out/client/extension.js:2:2080210)
	at async E.start (/home/megame/.vscode-oss/extensions/ms-python.python-2023.18.0-universal/out/client/extension.js:2:2076776)
2023-10-12 11:30:15.326 [error] Error: Client is not running and can't be stopped. It's current state is: startFailed
	at E.shutdown (/home/megame/.vscode-oss/extensions/ms-python.python-2023.18.0-universal/out/client/extension.js:2:2080806)
	at E.stop (/home/megame/.vscode-oss/extensions/ms-python.python-2023.18.0-universal/out/client/extension.js:2:2080387)
	at E.stop (/home/megame/.vscode-oss/extensions/ms-python.python-2023.18.0-universal/out/client/extension.js:2:2242667)
	at E.doInitialize (/home/megame/.vscode-oss/extensions/ms-python.python-2023.18.0-universal/out/client/extension.js:2:2080210)
	at async E.start (/home/megame/.vscode-oss/extensions/ms-python.python-2023.18.0-universal/out/client/extension.js:2:2076776)
2023-10-12 11:30:15.369 [error] Error: Client is not running and can't be stopped. It's current state is: startFailed
	at E.shutdown (/home/megame/.vscode-oss/extensions/ms-python.python-2023.18.0-universal/out/client/extension.js:2:2080806)
	at E.stop (/home/megame/.vscode-oss/extensions/ms-python.python-2023.18.0-universal/out/client/extension.js:2:2080387)
	at E.stop (/home/megame/.vscode-oss/extensions/ms-python.python-2023.18.0-universal/out/client/extension.js:2:2242667)
	at E.doInitialize (/home/megame/.vscode-oss/extensions/ms-python.python-2023.18.0-universal/out/client/extension.js:2:2080210)
	at async E.start (/home/megame/.vscode-oss/extensions/ms-python.python-2023.18.0-universal/out/client/extension.js:2:2076776)
2023-10-12 11:32:11.938 [info] Extension host terminating: renderer closed the MessagePort
2023-10-12 11:32:11.945 [error] Canceled: Canceled
	at new g (/usr/lib/code/out/vs/workbench/api/node/extensionHostProcess.js:125:57216)
	at i.U (/usr/lib/code/out/vs/workbench/api/node/extensionHostProcess.js:134:10864)
	at M.<computed>.j.charCodeAt.M.<computed> (/usr/lib/code/out/vs/workbench/api/node/extensionHostProcess.js:134:8315)
	at n.g (/usr/lib/code/out/vs/workbench/api/node/extensionHostProcess.js:125:83747)
	at n.executeCommand (/usr/lib/code/out/vs/workbench/api/node/extensionHostProcess.js:125:83185)
	at b.registerCommand.description (/usr/lib/code/out/vs/workbench/api/node/extensionHostProcess.js:125:82506)
	at n.h (/usr/lib/code/out/vs/workbench/api/node/extensionHostProcess.js:125:84283)
	at n.g (/usr/lib/code/out/vs/workbench/api/node/extensionHostProcess.js:125:83278)
	at n.executeCommand (/usr/lib/code/out/vs/workbench/api/node/extensionHostProcess.js:125:83185)
	at Object.executeCommand (/usr/lib/code/out/vs/workbench/api/node/extensionHostProcess.js:140:21282)
	at s.D [as value] (/usr/lib/code/extensions/git/dist/main.js:2:1312800)
	at c.z (/usr/lib/code/out/vs/workbench/api/node/extensionHostProcess.js:80:1902)
	at c.A (/usr/lib/code/out/vs/workbench/api/node/extensionHostProcess.js:80:1972)
	at c.fire (/usr/lib/code/out/vs/workbench/api/node/extensionHostProcess.js:80:2188)
	at Object.m [as dispose] (/usr/lib/code/extensions/git/dist/main.js:2:1328588)
	at /usr/lib/code/extensions/git/dist/main.js:2:1333429
	at Array.forEach (<anonymous>)
	at g.dispose (/usr/lib/code/extensions/git/dist/main.js:2:1333415)
	at v.<anonymous> (/usr/lib/code/out/vs/workbench/api/node/extensionHostProcess.js:121:3521)
	at v.dispose (/usr/lib/code/out/vs/workbench/api/node/extensionHostProcess.js:121:3618)
	at v.<anonymous> (/usr/lib/code/extensions/git/dist/main.js:2:1314812)
	at v.dispose (/usr/lib/code/out/vs/workbench/api/node/extensionHostProcess.js:121:3618)
	at o (/usr/lib/code/out/vs/workbench/api/node/extensionHostProcess.js:30:754)
	at s.cb (/usr/lib/code/out/vs/workbench/api/node/extensionHostProcess.js:136:9846)
	at /usr/lib/code/out/vs/workbench/api/node/extensionHostProcess.js:136:7796
	at Array.map (<anonymous>)
	at s.Y (/usr/lib/code/out/vs/workbench/api/node/extensionHostProcess.js:136:7784)
	at s.terminate (/usr/lib/code/out/vs/workbench/api/node/extensionHostProcess.js:136:8054)
	at o.terminate (/usr/lib/code/out/vs/workbench/api/node/extensionHostProcess.js:140:1513)
	at l (/usr/lib/code/out/vs/workbench/api/node/extensionHostProcess.js:153:9801)
	at MessagePortMain.<anonymous> (/usr/lib/code/out/vs/workbench/api/node/extensionHostProcess.js:153:6226)
	at MessagePortMain.emit (node:events:513:28)
	at MessagePortMain._internalPort.emit (node:electron/js2c/utility_init:2:367) setContext undefined
2023-10-12 11:32:11.946 [error] Canceled: Canceled
	at new g (/usr/lib/code/out/vs/workbench/api/node/extensionHostProcess.js:125:57216)
	at i.U (/usr/lib/code/out/vs/workbench/api/node/extensionHostProcess.js:134:10864)
	at M.<computed>.j.charCodeAt.M.<computed> (/usr/lib/code/out/vs/workbench/api/node/extensionHostProcess.js:134:8315)
	at n.g (/usr/lib/code/out/vs/workbench/api/node/extensionHostProcess.js:125:83747)
	at n.executeCommand (/usr/lib/code/out/vs/workbench/api/node/extensionHostProcess.js:125:83185)
	at b.registerCommand.description (/usr/lib/code/out/vs/workbench/api/node/extensionHostProcess.js:125:82506)
	at n.h (/usr/lib/code/out/vs/workbench/api/node/extensionHostProcess.js:125:84283)
	at n.g (/usr/lib/code/out/vs/workbench/api/node/extensionHostProcess.js:125:83278)
	at n.executeCommand (/usr/lib/code/out/vs/workbench/api/node/extensionHostProcess.js:125:83185)
	at Object.executeCommand (/usr/lib/code/out/vs/workbench/api/node/extensionHostProcess.js:140:21282)
	at set b [as b] (/usr/lib/code/extensions/github/dist/extension.js:2:714415)
	at /usr/lib/code/extensions/github/dist/extension.js:2:715056
	at s.value (/usr/lib/code/extensions/git/dist/main.js:2:1402040)
	at c.z (/usr/lib/code/out/vs/workbench/api/node/extensionHostProcess.js:80:1902)
	at c.A (/usr/lib/code/out/vs/workbench/api/node/extensionHostProcess.js:80:1972)
	at c.fire (/usr/lib/code/out/vs/workbench/api/node/extensionHostProcess.js:80:2188)
	at Object.m [as dispose] (/usr/lib/code/extensions/git/dist/main.js:2:1328588)
	at /usr/lib/code/extensions/git/dist/main.js:2:1333429
	at Array.forEach (<anonymous>)
	at g.dispose (/usr/lib/code/extensions/git/dist/main.js:2:1333415)
	at v.<anonymous> (/usr/lib/code/out/vs/workbench/api/node/extensionHostProcess.js:121:3521)
	at v.dispose (/usr/lib/code/out/vs/workbench/api/node/extensionHostProcess.js:121:3618)
	at v.<anonymous> (/usr/lib/code/extensions/git/dist/main.js:2:1314812)
	at v.dispose (/usr/lib/code/out/vs/workbench/api/node/extensionHostProcess.js:121:3618)
	at o (/usr/lib/code/out/vs/workbench/api/node/extensionHostProcess.js:30:754)
	at s.cb (/usr/lib/code/out/vs/workbench/api/node/extensionHostProcess.js:136:9846)
	at /usr/lib/code/out/vs/workbench/api/node/extensionHostProcess.js:136:7796
	at Array.map (<anonymous>)
	at s.Y (/usr/lib/code/out/vs/workbench/api/node/extensionHostProcess.js:136:7784)
	at s.terminate (/usr/lib/code/out/vs/workbench/api/node/extensionHostProcess.js:136:8054)
	at o.terminate (/usr/lib/code/out/vs/workbench/api/node/extensionHostProcess.js:140:1513)
	at l (/usr/lib/code/out/vs/workbench/api/node/extensionHostProcess.js:153:9801)
	at MessagePortMain.<anonymous> (/usr/lib/code/out/vs/workbench/api/node/extensionHostProcess.js:153:6226)
	at MessagePortMain.emit (node:events:513:28)
	at MessagePortMain._internalPort.emit (node:electron/js2c/utility_init:2:367) setContext undefined
2023-10-12 11:32:11.946 [info] Extension host with pid 2975 exiting with code 0
