2023-10-13 16:17:34.886 [info] Test server listening.
2023-10-13 16:17:34.887 [info] Python interpreter path: /bin/python
2023-10-13 16:17:34.970 [error] [
  'Failed to activate a workspace, Class name = g, completed in 78ms, has a falsy return value, Arg 1: <Uri:/home/megame/Learn/python/Advanced_modules/Expressions.py>, Return Value: undefined',
  [Error: Extension 'ms-python.python' CANNOT use API proposal: testObserver.
  Its package.json#enabledApiProposals-property declares:  but NOT testObserver.
   The missing proposal MUST be added and you must start in extension development mode or use the following command line switch: --enable-proposed-api ms-python.python
  	at E (/usr/lib/code/out/vs/workbench/api/node/extensionHostProcess.js:123:71061)
  	at get testResults [as testResults] (/usr/lib/code/out/vs/workbench/api/node/extensionHostProcess.js:140:23653)
  	at w.activate (/home/megame/.vscode-oss/extensions/ms-python.python-2023.18.0-universal/out/client/extension.js:2:828271)
  	at /home/megame/.vscode-oss/extensions/ms-python.python-2023.18.0-universal/out/client/extension.js:2:2386
  	at Array.map (<anonymous>)
  	at g.activateWorkspace (/home/megame/.vscode-oss/extensions/ms-python.python-2023.18.0-universal/out/client/extension.js:2:2376)]
]
2023-10-13 16:17:34.970 [error] Failure during activation. [Error: Extension 'ms-python.python' CANNOT use API proposal: testObserver.
Its package.json#enabledApiProposals-property declares:  but NOT testObserver.
 The missing proposal MUST be added and you must start in extension development mode or use the following command line switch: --enable-proposed-api ms-python.python
	at E (/usr/lib/code/out/vs/workbench/api/node/extensionHostProcess.js:123:71061)
	at get testResults [as testResults] (/usr/lib/code/out/vs/workbench/api/node/extensionHostProcess.js:140:23653)
	at w.activate (/home/megame/.vscode-oss/extensions/ms-python.python-2023.18.0-universal/out/client/extension.js:2:828271)
	at /home/megame/.vscode-oss/extensions/ms-python.python-2023.18.0-universal/out/client/extension.js:2:2386
	at Array.map (<anonymous>)
	at g.activateWorkspace (/home/megame/.vscode-oss/extensions/ms-python.python-2023.18.0-universal/out/client/extension.js:2:2376)]
2023-10-13 16:17:34.970 [error] sendStartupTelemetry() failed. [Error: Extension 'ms-python.python' CANNOT use API proposal: testObserver.
Its package.json#enabledApiProposals-property declares:  but NOT testObserver.
 The missing proposal MUST be added and you must start in extension development mode or use the following command line switch: --enable-proposed-api ms-python.python
	at E (/usr/lib/code/out/vs/workbench/api/node/extensionHostProcess.js:123:71061)
	at get testResults [as testResults] (/usr/lib/code/out/vs/workbench/api/node/extensionHostProcess.js:140:23653)
	at w.activate (/home/megame/.vscode-oss/extensions/ms-python.python-2023.18.0-universal/out/client/extension.js:2:828271)
	at /home/megame/.vscode-oss/extensions/ms-python.python-2023.18.0-universal/out/client/extension.js:2:2386
	at Array.map (<anonymous>)
	at g.activateWorkspace (/home/megame/.vscode-oss/extensions/ms-python.python-2023.18.0-universal/out/client/extension.js:2:2376)]
2023-10-13 16:17:35.193 [error] Failed to start language server: [s [Error]: Pending response rejected since connection got disposed
	at Object.dispose (/home/megame/.vscode-oss/extensions/ms-python.python-2023.18.0-universal/out/client/extension.js:2:2318937)
	at Object.dispose (/home/megame/.vscode-oss/extensions/ms-python.python-2023.18.0-universal/out/client/extension.js:2:2085486)
	at E.handleConnectionClosed (/home/megame/.vscode-oss/extensions/ms-python.python-2023.18.0-universal/out/client/extension.js:2:2085892)
	at E.handleConnectionClosed (/home/megame/.vscode-oss/extensions/ms-python.python-2023.18.0-universal/out/client/extension.js:2:2243068)
	at /home/megame/.vscode-oss/extensions/ms-python.python-2023.18.0-universal/out/client/extension.js:2:2085635
	at i.invoke (/home/megame/.vscode-oss/extensions/ms-python.python-2023.18.0-universal/out/client/extension.js:2:2320648)
	at o.fire (/home/megame/.vscode-oss/extensions/ms-python.python-2023.18.0-universal/out/client/extension.js:2:2321413)
	at te (/home/megame/.vscode-oss/extensions/ms-python.python-2023.18.0-universal/out/client/extension.js:2:2307060)
	at i.invoke (/home/megame/.vscode-oss/extensions/ms-python.python-2023.18.0-universal/out/client/extension.js:2:2320648)
	at o.fire (/home/megame/.vscode-oss/extensions/ms-python.python-2023.18.0-universal/out/client/extension.js:2:2321413)
	at y.fireClose (/home/megame/.vscode-oss/extensions/ms-python.python-2023.18.0-universal/out/client/extension.js:2:2332864)
	at Socket.<anonymous> (/home/megame/.vscode-oss/extensions/ms-python.python-2023.18.0-universal/out/client/extension.js:2:2333594)
	at Socket.emit (node:events:513:28)
	at Pipe.<anonymous> (node:net:322:12)] {
  code: -32097,
  data: undefined
}
2023-10-13 16:17:35.195 [error] [
  'Failed to start language server, Class name = l, completed in 217ms, has a falsy return value, Arg 1: <Uri:/home/megame/Learn/python>, Arg 2: {"id":"/bin/python","sysPrefix":"/usr","envType":"Global","envName":"","envPath":"","path":"/bin/python","architecture":3,"sysVersion":"3.11.5 (main, Sep  2 2023, 14:16:33) [GCC 13.2.1 20230801]","version":{"raw":"3.11.5","major":3,"minor":11,"patch":5,"build":[],"prerelease":["final","0"]},"displayName":"Python 3.11.5 64-bit","detailedDisplayName":"Python 3.11.5 64-bit"}, Arg 3: {"documentSelector":[{"scheme":"file","language":"python"},{"scheme":"untitled","language":"python"},{"scheme":"vscode-notebook","language":"python"},{"scheme":"vscode-notebook-cell","language":"python"},{"scheme":"vscode-interactive-input","language":"python"}],"workspaceFolder":{"uri":{"$mid":1,"fsPath":"/home/megame/Learn/python","external":"file:///home/megame/Learn/python","path":"/home/megame/Learn/python","scheme":"file"},"name":"python","index":0},"synchronize":{"configurationSection":["python"]},"outputChannel":{"name":"Python Language Server","logLevel":3},"revealOutputChannelOn":4,"initializationOptions":{"markupKindPreferred":"markdown","completion":{"resolveEagerly":false,"disableSnippets":true},"diagnostics":{"enable":true,"didOpen":true,"didSave":true,"didChange":true},"hover":{"disable":{"keyword":{"all":true}}},"workspace":{"extraPaths":["/home/megame/Learn/python"],"symbols":{"maxSymbols":0}}},"middleware":{"serviceContainer":{"container":{"options":{"autoBindInjectable":false,"defaultScope":"Transient","skipBaseClassChecks":true},"id":0,"_bindingDictionary":{"_map":{}},"_snapshots":[],"_middleware":null,"parent":null,"_metadataReader":{}}},"lastCaptured":{},"nextWindow":0,"eventCount":0,"workspace":{},"connectedPromise":{"scope":null,"_resolved":false,"_rejected":false,"_promise":{}},"notebooks":{},"eventName":"JEDI_LANGUAGE_SERVER.REQUEST"}}, Return Value: undefined',
  [Error: Launching Jedi language server using python failed, see output.
  	at l.start (/home/megame/.vscode-oss/extensions/ms-python.python-2023.18.0-universal/out/client/extension.js:2:19468)]
]
2023-10-13 16:17:35.197 [error] [
  'Starting language server, Class name = h, completed in 218ms, has a falsy return value, , Return Value: undefined',
  [Error: Launching Jedi language server using python failed, see output.
  	at l.start (/home/megame/.vscode-oss/extensions/ms-python.python-2023.18.0-universal/out/client/extension.js:2:19468)]
]
2023-10-13 16:17:35.199 [error] [
  'Failed to start language server, Class name = h, completed in 226ms, has a falsy return value, Arg 1: <Uri:/home/megame/Learn/python>, Arg 2: {"id":"/bin/python","sysPrefix":"/usr","envType":"Global","envName":"","envPath":"","path":"/bin/python","architecture":3,"sysVersion":"3.11.5 (main, Sep  2 2023, 14:16:33) [GCC 13.2.1 20230801]","version":{"raw":"3.11.5","major":3,"minor":11,"patch":5,"build":[],"prerelease":["final","0"]},"displayName":"Python 3.11.5 64-bit","detailedDisplayName":"Python 3.11.5 64-bit"}, Return Value: undefined',
  [Error: Launching Jedi language server using python failed, see output.
  	at l.start (/home/megame/.vscode-oss/extensions/ms-python.python-2023.18.0-universal/out/client/extension.js:2:19468)]
]
