2023-10-13 18:36:51.473 [info] Extension host with pid 691 started
2023-10-13 18:36:51.473 [info] Skipping acquiring lock for /home/megame/.config/Code - OSS/User/workspaceStorage/de0cf12c92836a695d988275fd9f0d4f.
2023-10-13 18:36:51.683 [info] ExtensionService#_doActivateExtension vscode.emmet, startup: false, activationEvent: 'onLanguage'
2023-10-13 18:36:51.709 [info] ExtensionService#_doActivateExtension ms-python.python, startup: false, activationEvent: 'onLanguage:python'
2023-10-13 18:36:52.340 [info] ExtensionService#_doActivateExtension vscode.git-base, startup: true, activationEvent: '*', root cause: vscode.git
2023-10-13 18:36:52.478 [info] ExtensionService#_doActivateExtension vscode.git, startup: true, activationEvent: '*'
2023-10-13 18:36:52.611 [info] ExtensionService#_doActivateExtension vscode.github, startup: true, activationEvent: '*'
2023-10-13 18:36:52.664 [info] Eager extensions activated
2023-10-13 18:36:52.685 [info] ExtensionService#_doActivateExtension vscode.debug-auto-launch, startup: false, activationEvent: 'onStartupFinished'
2023-10-13 18:36:52.688 [info] ExtensionService#_doActivateExtension vscode.merge-conflict, startup: false, activationEvent: 'onStartupFinished'
2023-10-13 18:36:53.442 [error] Error: Extension 'ms-python.python' CANNOT use API proposal: testObserver.
Its package.json#enabledApiProposals-property declares:  but NOT testObserver.
 The missing proposal MUST be added and you must start in extension development mode or use the following command line switch: --enable-proposed-api ms-python.python
	at E (/usr/lib/code/out/vs/workbench/api/node/extensionHostProcess.js:123:71061)
	at get testResults [as testResults] (/usr/lib/code/out/vs/workbench/api/node/extensionHostProcess.js:140:23653)
	at w.activate (/home/megame/.vscode-oss/extensions/ms-python.python-2023.18.0-universal/out/client/extension.js:2:828271)
	at /home/megame/.vscode-oss/extensions/ms-python.python-2023.18.0-universal/out/client/extension.js:2:2386
	at Array.map (<anonymous>)
	at g.activateWorkspace (/home/megame/.vscode-oss/extensions/ms-python.python-2023.18.0-universal/out/client/extension.js:2:2376)
2023-10-13 18:36:53.656 [error] Error: Pending response rejected since connection got disposed
	at Object.dispose (/home/megame/.vscode-oss/extensions/ms-python.python-2023.18.0-universal/out/client/extension.js:2:2318937)
	at Object.dispose (/home/megame/.vscode-oss/extensions/ms-python.python-2023.18.0-universal/out/client/extension.js:2:2085486)
	at E.handleConnectionClosed (/home/megame/.vscode-oss/extensions/ms-python.python-2023.18.0-universal/out/client/extension.js:2:2085892)
	at E.handleConnectionClosed (/home/megame/.vscode-oss/extensions/ms-python.python-2023.18.0-universal/out/client/extension.js:2:2243068)
	at /home/megame/.vscode-oss/extensions/ms-python.python-2023.18.0-universal/out/client/extension.js:2:2085635
	at i.invoke (/home/megame/.vscode-oss/extensions/ms-python.python-2023.18.0-universal/out/client/extension.js:2:2320648)
	at o.fire (/home/megame/.vscode-oss/extensions/ms-python.python-2023.18.0-universal/out/client/extension.js:2:2321413)
	at te (/home/megame/.vscode-oss/extensions/ms-python.python-2023.18.0-universal/out/client/extension.js:2:2307060)
	at i.invoke (/home/megame/.vscode-oss/extensions/ms-python.python-2023.18.0-universal/out/client/extension.js:2:2320648)
	at o.fire (/home/megame/.vscode-oss/extensions/ms-python.python-2023.18.0-universal/out/client/extension.js:2:2321413)
	at y.fireClose (/home/megame/.vscode-oss/extensions/ms-python.python-2023.18.0-universal/out/client/extension.js:2:2332864)
	at Socket.<anonymous> (/home/megame/.vscode-oss/extensions/ms-python.python-2023.18.0-universal/out/client/extension.js:2:2333594)
	at Socket.emit (node:events:513:28)
	at Pipe.<anonymous> (node:net:322:12)
2023-10-13 18:36:53.657 [error] Error: Client is not running and can't be stopped. It's current state is: starting
	at E.shutdown (/home/megame/.vscode-oss/extensions/ms-python.python-2023.18.0-universal/out/client/extension.js:2:2080806)
	at E.stop (/home/megame/.vscode-oss/extensions/ms-python.python-2023.18.0-universal/out/client/extension.js:2:2080387)
	at E.stop (/home/megame/.vscode-oss/extensions/ms-python.python-2023.18.0-universal/out/client/extension.js:2:2242667)
	at E.doInitialize (/home/megame/.vscode-oss/extensions/ms-python.python-2023.18.0-universal/out/client/extension.js:2:2080210)
	at async E.start (/home/megame/.vscode-oss/extensions/ms-python.python-2023.18.0-universal/out/client/extension.js:2:2076776)
	at async l.start (/home/megame/.vscode-oss/extensions/ms-python.python-2023.18.0-universal/out/client/extension.js:2:19361)
2023-10-13 18:36:53.749 [error] Error: Client is not running and can't be stopped. It's current state is: startFailed
	at E.shutdown (/home/megame/.vscode-oss/extensions/ms-python.python-2023.18.0-universal/out/client/extension.js:2:2080806)
	at E.stop (/home/megame/.vscode-oss/extensions/ms-python.python-2023.18.0-universal/out/client/extension.js:2:2080387)
	at E.stop (/home/megame/.vscode-oss/extensions/ms-python.python-2023.18.0-universal/out/client/extension.js:2:2242667)
	at E.doInitialize (/home/megame/.vscode-oss/extensions/ms-python.python-2023.18.0-universal/out/client/extension.js:2:2080210)
	at async E.start (/home/megame/.vscode-oss/extensions/ms-python.python-2023.18.0-universal/out/client/extension.js:2:2076776)
2023-10-13 18:36:53.781 [error] Error: Client is not running and can't be stopped. It's current state is: startFailed
	at E.shutdown (/home/megame/.vscode-oss/extensions/ms-python.python-2023.18.0-universal/out/client/extension.js:2:2080806)
	at E.stop (/home/megame/.vscode-oss/extensions/ms-python.python-2023.18.0-universal/out/client/extension.js:2:2080387)
	at E.stop (/home/megame/.vscode-oss/extensions/ms-python.python-2023.18.0-universal/out/client/extension.js:2:2242667)
	at E.doInitialize (/home/megame/.vscode-oss/extensions/ms-python.python-2023.18.0-universal/out/client/extension.js:2:2080210)
	at async E.start (/home/megame/.vscode-oss/extensions/ms-python.python-2023.18.0-universal/out/client/extension.js:2:2076776)
2023-10-13 18:36:53.813 [error] Error: Client is not running and can't be stopped. It's current state is: startFailed
	at E.shutdown (/home/megame/.vscode-oss/extensions/ms-python.python-2023.18.0-universal/out/client/extension.js:2:2080806)
	at E.stop (/home/megame/.vscode-oss/extensions/ms-python.python-2023.18.0-universal/out/client/extension.js:2:2080387)
	at E.stop (/home/megame/.vscode-oss/extensions/ms-python.python-2023.18.0-universal/out/client/extension.js:2:2242667)
	at E.doInitialize (/home/megame/.vscode-oss/extensions/ms-python.python-2023.18.0-universal/out/client/extension.js:2:2080210)
	at async E.start (/home/megame/.vscode-oss/extensions/ms-python.python-2023.18.0-universal/out/client/extension.js:2:2076776)
2023-10-13 18:36:53.849 [error] Error: Client is not running and can't be stopped. It's current state is: startFailed
	at E.shutdown (/home/megame/.vscode-oss/extensions/ms-python.python-2023.18.0-universal/out/client/extension.js:2:2080806)
	at E.stop (/home/megame/.vscode-oss/extensions/ms-python.python-2023.18.0-universal/out/client/extension.js:2:2080387)
	at E.stop (/home/megame/.vscode-oss/extensions/ms-python.python-2023.18.0-universal/out/client/extension.js:2:2242667)
	at E.doInitialize (/home/megame/.vscode-oss/extensions/ms-python.python-2023.18.0-universal/out/client/extension.js:2:2080210)
	at async E.start (/home/megame/.vscode-oss/extensions/ms-python.python-2023.18.0-universal/out/client/extension.js:2:2076776)
2023-10-13 19:04:46.306 [info] Extension host terminating: renderer closed the MessagePort
2023-10-13 19:04:46.312 [info] Extension host with pid 691 exiting with code 0
