2023-10-12 11:55:25.317 [info] Log level: Info
2023-10-12 11:55:25.317 [info] Validating found git in: "git"
2023-10-12 11:55:25.339 [info] Using git "2.42.0" from "git"
2023-10-12 11:55:25.384 [info] > git rev-parse --show-toplevel [16ms]
2023-10-12 11:55:25.423 [info] > git rev-parse --git-dir --git-common-dir [7ms]
2023-10-12 11:55:25.435 [info] Open repository: /home/megame/Learn/python
2023-10-12 11:55:25.486 [info] > git rev-parse --show-toplevel [20ms]
2023-10-12 11:55:25.487 [info] > git config --get commit.template [28ms]
2023-10-12 11:55:25.578 [info] > git rev-parse --show-toplevel [43ms]
2023-10-12 11:55:25.586 [info] > git for-each-ref --format=%(refname)%00%(upstream:short)%00%(objectname)%00%(upstream:track)%00%(upstream:remotename)%00%(upstream:remoteref) refs/heads/main refs/remotes/main [17ms]
2023-10-12 11:55:25.593 [info] > git rev-parse --show-toplevel [7ms]
2023-10-12 11:55:25.602 [info] > git rev-parse --show-toplevel [3ms]
2023-10-12 11:55:25.613 [info] > git rev-parse --show-toplevel [5ms]
2023-10-12 11:55:25.619 [info] > git rev-parse --show-toplevel [1ms]
2023-10-12 11:55:25.628 [info] > git rev-parse --show-toplevel [1ms]
2023-10-12 11:55:25.638 [info] > git rev-parse --show-toplevel [1ms]
2023-10-12 11:55:25.645 [info] > git rev-parse --show-toplevel [1ms]
2023-10-12 11:55:25.653 [info] > git rev-parse --show-toplevel [2ms]
2023-10-12 11:55:25.805 [info] > git show --textconv :Lists&dicts.py [8ms]
2023-10-12 11:55:25.807 [info] > git ls-files --stage -- /home/megame/Learn/python/Lists&dicts.py [2ms]
2023-10-12 11:55:25.812 [info] > git cat-file -s 8bc6d1b09c55173845ac36c2ff53a29362e4c8fe [1ms]
2023-10-12 11:55:25.845 [info] > git status -z -uall [253ms]
2023-10-12 11:55:25.863 [info] > git config --get commit.template [6ms]
2023-10-12 11:55:25.864 [info] > git for-each-ref --format=%(refname)%00%(upstream:short)%00%(objectname)%00%(upstream:track)%00%(upstream:remotename)%00%(upstream:remoteref) refs/heads/main refs/remotes/main [2ms]
2023-10-12 11:55:25.915 [info] > git status -z -uall [47ms]
2023-10-12 11:55:26.037 [info] > git check-ignore -v -z --stdin [3ms]
2023-10-12 11:57:18.991 [info] > git show --textconv :Lists&dicts.py [8ms]
2023-10-12 11:57:18.994 [info] > git ls-files --stage -- /home/megame/Learn/python/Lists&dicts.py [4ms]
2023-10-12 11:57:19.000 [info] > git cat-file -s 8bc6d1b09c55173845ac36c2ff53a29362e4c8fe [0ms]
2023-10-12 12:19:42.328 [info] > git config --get commit.template [6ms]
2023-10-12 12:19:42.329 [info] > git for-each-ref --format=%(refname)%00%(upstream:short)%00%(objectname)%00%(upstream:track)%00%(upstream:remotename)%00%(upstream:remoteref) refs/heads/main refs/remotes/main [2ms]
2023-10-12 12:19:42.376 [info] > git status -z -uall [43ms]
2023-10-12 12:19:42.904 [info] > git check-ignore -v -z --stdin [2ms]
2023-10-12 12:19:44.267 [info] > git show --textconv :Web_scraping/Web_grabbing.py [5ms]
2023-10-12 12:19:44.268 [info] > git ls-files --stage -- /home/megame/Learn/python/Web_scraping/Web_grabbing.py [1ms]
2023-10-12 12:19:44.275 [info] > git cat-file -s 5c2a07d1bbc383a406efdd085f1828ed8627d068 [2ms]
2023-10-12 12:23:01.172 [info] > git show --textconv :Lists&dicts.py [7ms]
2023-10-12 12:23:01.174 [info] > git ls-files --stage -- /home/megame/Learn/python/Lists&dicts.py [2ms]
2023-10-12 12:23:01.182 [info] > git cat-file -s 8bc6d1b09c55173845ac36c2ff53a29362e4c8fe [1ms]
2023-10-12 12:26:19.847 [info] > git config --get commit.template [7ms]
2023-10-12 12:26:19.848 [info] > git for-each-ref --format=%(refname)%00%(upstream:short)%00%(objectname)%00%(upstream:track)%00%(upstream:remotename)%00%(upstream:remoteref) refs/heads/main refs/remotes/main [2ms]
2023-10-12 12:26:19.904 [info] > git status -z -uall [51ms]
2023-10-12 12:31:08.424 [info] > git check-ignore -v -z --stdin [2ms]
2023-10-12 12:31:11.073 [info] > git check-ignore -v -z --stdin [1ms]
2023-10-12 12:31:13.341 [info] > git ls-files --stage -- /home/megame/Learn/python/Advanced_stuff/advanced_lists.py [2ms]
2023-10-12 12:31:13.345 [info] > git show --textconv :Advanced_stuff/advanced_lists.py [14ms]
2023-10-12 12:31:13.345 [info] > git cat-file -s 0b1863da9ae65adb584a79649a06577f2513252d [1ms]
2023-10-12 12:31:15.029 [info] > git show --textconv :Advanced_stuff/advanced_lists.py [5ms]
2023-10-12 12:31:15.030 [info] > git ls-files --stage -- /home/megame/Learn/python/Advanced_stuff/advanced_lists.py [1ms]
2023-10-12 12:31:15.035 [info] > git cat-file -s 0b1863da9ae65adb584a79649a06577f2513252d [1ms]
2023-10-12 12:31:22.036 [info] > git show --textconv :Tuples&sets.py [5ms]
2023-10-12 12:31:22.038 [info] > git ls-files --stage -- /home/megame/Learn/python/Tuples&sets.py [2ms]
2023-10-12 12:31:22.044 [info] > git cat-file -s 3d13dd99c81c26cab92457a3964d4d3952cc4820 [1ms]
2023-10-12 12:31:24.801 [info] > git show --textconv :Tuples&sets.py [5ms]
2023-10-12 12:31:24.803 [info] > git ls-files --stage -- /home/megame/Learn/python/Tuples&sets.py [1ms]
2023-10-12 12:31:24.818 [info] > git cat-file -s 3d13dd99c81c26cab92457a3964d4d3952cc4820 [12ms]
2023-10-12 12:31:30.437 [info] > git show --textconv :Advanced_stuff/advanced_sets.py [7ms]
2023-10-12 12:31:30.438 [info] > git ls-files --stage -- /home/megame/Learn/python/Advanced_stuff/advanced_sets.py [2ms]
2023-10-12 12:31:30.449 [info] > git cat-file -s 65162efb5a58a641e655bae1902fde97284224cd [4ms]
2023-10-12 12:31:31.948 [info] > git show --textconv :Advanced_stuff/advanced_sets.py [6ms]
2023-10-12 12:31:31.949 [info] > git ls-files --stage -- /home/megame/Learn/python/Advanced_stuff/advanced_sets.py [2ms]
2023-10-12 12:31:31.954 [info] > git cat-file -s 65162efb5a58a641e655bae1902fde97284224cd [1ms]
2023-10-12 12:31:33.104 [info] > git show --textconv :Tuples&sets.py [6ms]
2023-10-12 12:31:33.106 [info] > git ls-files --stage -- /home/megame/Learn/python/Tuples&sets.py [2ms]
2023-10-12 12:31:33.110 [info] > git cat-file -s 3d13dd99c81c26cab92457a3964d4d3952cc4820 [1ms]
2023-10-12 12:31:34.850 [info] > git show --textconv :Lists&dicts.py [5ms]
2023-10-12 12:31:34.851 [info] > git ls-files --stage -- /home/megame/Learn/python/Lists&dicts.py [1ms]
2023-10-12 12:31:34.855 [info] > git cat-file -s 8bc6d1b09c55173845ac36c2ff53a29362e4c8fe [1ms]
2023-10-12 12:38:03.779 [info] > git show --textconv :Advanced_stuff/advanced_lists.py [20ms]
2023-10-12 12:38:03.783 [info] > git ls-files --stage -- /home/megame/Learn/python/Advanced_stuff/advanced_lists.py [4ms]
2023-10-12 12:38:03.789 [info] > git cat-file -s 0b1863da9ae65adb584a79649a06577f2513252d [1ms]
2023-10-12 12:39:13.349 [info] > git show --textconv :Lists&dicts.py [5ms]
2023-10-12 12:39:13.350 [info] > git ls-files --stage -- /home/megame/Learn/python/Lists&dicts.py [1ms]
2023-10-12 12:39:13.355 [info] > git cat-file -s 8bc6d1b09c55173845ac36c2ff53a29362e4c8fe [1ms]
2023-10-12 12:39:54.507 [info] > git show --textconv :Advanced_stuff/advanced_lists.py [13ms]
2023-10-12 12:39:54.511 [info] > git ls-files --stage -- /home/megame/Learn/python/Advanced_stuff/advanced_lists.py [6ms]
2023-10-12 12:39:54.518 [info] > git cat-file -s 0b1863da9ae65adb584a79649a06577f2513252d [1ms]
2023-10-12 12:39:59.427 [info] > git show --textconv :Lists&dicts.py [5ms]
2023-10-12 12:39:59.428 [info] > git ls-files --stage -- /home/megame/Learn/python/Lists&dicts.py [2ms]
2023-10-12 12:39:59.433 [info] > git cat-file -s 8bc6d1b09c55173845ac36c2ff53a29362e4c8fe [1ms]
2023-10-12 12:40:00.118 [info] > git show --textconv :Tuples&sets.py [5ms]
2023-10-12 12:40:00.119 [info] > git ls-files --stage -- /home/megame/Learn/python/Tuples&sets.py [2ms]
2023-10-12 12:40:00.124 [info] > git cat-file -s 3d13dd99c81c26cab92457a3964d4d3952cc4820 [1ms]
2023-10-12 12:40:50.854 [info] > git config --get commit.template [5ms]
2023-10-12 12:40:50.855 [info] > git for-each-ref --format=%(refname)%00%(upstream:short)%00%(objectname)%00%(upstream:track)%00%(upstream:remotename)%00%(upstream:remoteref) refs/heads/main refs/remotes/main [1ms]
2023-10-12 12:40:50.907 [info] > git status -z -uall [46ms]
2023-10-12 12:41:11.961 [info] > git config --get commit.template [18ms]
2023-10-12 12:41:11.962 [info] > git for-each-ref --format=%(refname)%00%(upstream:short)%00%(objectname)%00%(upstream:track)%00%(upstream:remotename)%00%(upstream:remoteref) refs/heads/main refs/remotes/main [2ms]
2023-10-12 12:41:12.008 [info] > git status -z -uall [42ms]
2023-10-12 12:42:02.993 [info] > git show --textconv :Advanced_stuff/advanced_sets.py [6ms]
2023-10-12 12:42:02.994 [info] > git ls-files --stage -- /home/megame/Learn/python/Advanced_stuff/advanced_sets.py [2ms]
2023-10-12 12:42:02.999 [info] > git cat-file -s 65162efb5a58a641e655bae1902fde97284224cd [2ms]
2023-10-12 12:42:12.168 [info] > git show --textconv :Tuples&sets.py [5ms]
2023-10-12 12:42:12.169 [info] > git ls-files --stage -- /home/megame/Learn/python/Tuples&sets.py [1ms]
2023-10-12 12:42:12.174 [info] > git cat-file -s 3d13dd99c81c26cab92457a3964d4d3952cc4820 [1ms]
2023-10-12 12:42:14.477 [info] > git show --textconv :Advanced_stuff/advanced_sets.py [5ms]
2023-10-12 12:42:14.479 [info] > git ls-files --stage -- /home/megame/Learn/python/Advanced_stuff/advanced_sets.py [2ms]
2023-10-12 12:42:14.484 [info] > git cat-file -s 65162efb5a58a641e655bae1902fde97284224cd [1ms]
2023-10-12 12:43:10.550 [info] > git show --textconv :Advanced_stuff/advanced_dictionaries.py [13ms]
2023-10-12 12:43:10.552 [info] > git ls-files --stage -- /home/megame/Learn/python/Advanced_stuff/advanced_dictionaries.py [2ms]
2023-10-12 12:43:10.559 [info] > git cat-file -s 7b1149a3629d2cae1541defe9dc71b1c773769e0 [2ms]
2023-10-12 12:44:39.561 [info] > git config --get commit.template [5ms]
2023-10-12 12:44:39.562 [info] > git for-each-ref --format=%(refname)%00%(upstream:short)%00%(objectname)%00%(upstream:track)%00%(upstream:remotename)%00%(upstream:remoteref) refs/heads/main refs/remotes/main [1ms]
2023-10-12 12:44:39.615 [info] > git status -z -uall [47ms]
2023-10-12 12:45:30.771 [info] > git show --textconv :Advanced_stuff/advanced_sets.py [4ms]
2023-10-12 12:45:30.772 [info] > git ls-files --stage -- /home/megame/Learn/python/Advanced_stuff/advanced_sets.py [1ms]
2023-10-12 12:45:30.777 [info] > git cat-file -s 65162efb5a58a641e655bae1902fde97284224cd [1ms]
2023-10-12 12:45:40.573 [info] > git show --textconv :Tuples&sets.py [15ms]
2023-10-12 12:45:40.575 [info] > git ls-files --stage -- /home/megame/Learn/python/Tuples&sets.py [3ms]
2023-10-12 12:45:40.583 [info] > git cat-file -s 3d13dd99c81c26cab92457a3964d4d3952cc4820 [1ms]
2023-10-12 12:45:50.281 [info] > git show --textconv :Advanced_stuff/advanced_sets.py [5ms]
2023-10-12 12:45:50.282 [info] > git ls-files --stage -- /home/megame/Learn/python/Advanced_stuff/advanced_sets.py [1ms]
2023-10-12 12:45:50.287 [info] > git cat-file -s 65162efb5a58a641e655bae1902fde97284224cd [1ms]
2023-10-12 12:50:08.136 [info] > git show --textconv :Advanced_stuff/advanced_lists.py [5ms]
2023-10-12 12:50:08.137 [info] > git ls-files --stage -- /home/megame/Learn/python/Advanced_stuff/advanced_lists.py [2ms]
2023-10-12 12:50:08.142 [info] > git cat-file -s 0b1863da9ae65adb584a79649a06577f2513252d [1ms]
2023-10-12 12:50:08.671 [info] > git show --textconv :Advanced_stuff/advanced_strings.py [5ms]
2023-10-12 12:50:08.672 [info] > git ls-files --stage -- /home/megame/Learn/python/Advanced_stuff/advanced_strings.py [1ms]
2023-10-12 12:50:08.678 [info] > git cat-file -s d9a36447f750df5697226d9762c2498cf7a759d0 [1ms]
2023-10-12 12:50:12.176 [info] > git show --textconv :Advanced_stuff/advanced_numbers.py [5ms]
2023-10-12 12:50:12.177 [info] > git ls-files --stage -- /home/megame/Learn/python/Advanced_stuff/advanced_numbers.py [1ms]
2023-10-12 12:50:12.182 [info] > git cat-file -s 416d8d7bb144a6ed843d2149b201d2ffae3a5e64 [1ms]
2023-10-12 12:50:13.925 [info] > git show --textconv :Advanced_stuff/advanced_sets.py [14ms]
2023-10-12 12:50:13.927 [info] > git ls-files --stage -- /home/megame/Learn/python/Advanced_stuff/advanced_sets.py [3ms]
2023-10-12 12:50:13.937 [info] > git cat-file -s 65162efb5a58a641e655bae1902fde97284224cd [2ms]
2023-10-12 12:50:15.446 [info] > git show --textconv :Advanced_stuff/advanced_numbers.py [5ms]
2023-10-12 12:50:15.447 [info] > git ls-files --stage -- /home/megame/Learn/python/Advanced_stuff/advanced_numbers.py [1ms]
2023-10-12 12:50:15.451 [info] > git cat-file -s 416d8d7bb144a6ed843d2149b201d2ffae3a5e64 [1ms]
2023-10-12 12:50:52.372 [info] > git show --textconv :Advanced_stuff/advanced_strings.py [11ms]
2023-10-12 12:50:52.373 [info] > git ls-files --stage -- /home/megame/Learn/python/Advanced_stuff/advanced_strings.py [2ms]
2023-10-12 12:50:52.381 [info] > git cat-file -s d9a36447f750df5697226d9762c2498cf7a759d0 [1ms]
2023-10-12 12:50:53.785 [info] > git show --textconv :Advanced_stuff/advanced_lists.py [13ms]
2023-10-12 12:50:53.789 [info] > git ls-files --stage -- /home/megame/Learn/python/Advanced_stuff/advanced_lists.py [4ms]
2023-10-12 12:50:53.797 [info] > git cat-file -s 0b1863da9ae65adb584a79649a06577f2513252d [2ms]
2023-10-12 12:50:55.591 [info] > git show --textconv :Advanced_stuff/advanced_numbers.py [5ms]
2023-10-12 12:50:55.592 [info] > git ls-files --stage -- /home/megame/Learn/python/Advanced_stuff/advanced_numbers.py [1ms]
2023-10-12 12:50:55.597 [info] > git cat-file -s 416d8d7bb144a6ed843d2149b201d2ffae3a5e64 [1ms]
2023-10-12 12:50:56.207 [info] > git show --textconv :Advanced_stuff/advanced_sets.py [6ms]
2023-10-12 12:50:56.207 [info] > git ls-files --stage -- /home/megame/Learn/python/Advanced_stuff/advanced_sets.py [1ms]
2023-10-12 12:50:56.214 [info] > git cat-file -s 65162efb5a58a641e655bae1902fde97284224cd [1ms]
2023-10-12 12:50:56.646 [info] > git show --textconv :Advanced_stuff/advanced_strings.py [5ms]
2023-10-12 12:50:56.646 [info] > git ls-files --stage -- /home/megame/Learn/python/Advanced_stuff/advanced_strings.py [1ms]
2023-10-12 12:50:56.651 [info] > git cat-file -s d9a36447f750df5697226d9762c2498cf7a759d0 [1ms]
2023-10-12 12:52:54.067 [info] > git show --textconv :Advanced_stuff/test.py [4ms]
2023-10-12 12:52:54.068 [info] > git ls-files --stage -- /home/megame/Learn/python/Advanced_stuff/test.py [1ms]
2023-10-12 12:52:54.074 [info] > git cat-file -s ae7cc3681a3cd5d0c4af424efdc8dee35881d74a [2ms]
2023-10-12 12:53:04.977 [info] > git show --textconv :Forloops.py [14ms]
2023-10-12 12:53:04.980 [info] > git ls-files --stage -- /home/megame/Learn/python/Forloops.py [3ms]
2023-10-12 12:53:04.988 [info] > git cat-file -s 3c2aeac6eae34298f9de4df626b4e81f25125f5f [1ms]
2023-10-12 12:53:05.302 [info] > git show --textconv :Functions2.py [5ms]
2023-10-12 12:53:05.303 [info] > git ls-files --stage -- /home/megame/Learn/python/Functions2.py [1ms]
2023-10-12 12:53:05.309 [info] > git cat-file -s a682c3da9793816fcfee7287b00f9fc83dad434c [1ms]
2023-10-12 12:53:09.622 [info] > git show --textconv :Forloops.py [5ms]
2023-10-12 12:53:09.623 [info] > git ls-files --stage -- /home/megame/Learn/python/Forloops.py [1ms]
2023-10-12 12:53:09.630 [info] > git cat-file -s 3c2aeac6eae34298f9de4df626b4e81f25125f5f [2ms]
2023-10-12 12:53:25.373 [info] > git ls-files --stage -- /home/megame/Learn/python/Whileloops.py [1ms]
2023-10-12 12:53:25.377 [info] > git show --textconv :Whileloops.py [10ms]
2023-10-12 12:53:25.378 [info] > git cat-file -s 48f433e1695c8202220f6dd9366d6df7ad3cc690 [1ms]
2023-10-12 12:53:38.478 [info] > git show --textconv :workouts.py [8ms]
2023-10-12 12:53:38.479 [info] > git ls-files --stage -- /home/megame/Learn/python/workouts.py [1ms]
2023-10-12 12:53:38.484 [info] > git cat-file -s c2e1b699000a352dc638e4a83f902b624280000c [1ms]
2023-10-12 12:53:39.289 [info] > git show --textconv :Tuples&sets.py [6ms]
2023-10-12 12:53:39.290 [info] > git ls-files --stage -- /home/megame/Learn/python/Tuples&sets.py [2ms]
2023-10-12 12:53:39.296 [info] > git cat-file -s 3d13dd99c81c26cab92457a3964d4d3952cc4820 [1ms]
2023-10-12 12:53:39.905 [info] > git show --textconv :test.py [6ms]
2023-10-12 12:53:39.906 [info] > git ls-files --stage -- /home/megame/Learn/python/test.py [2ms]
2023-10-12 12:53:39.912 [info] > git cat-file -s b02fc119744d1ea6662507e421d400f65eca6a74 [0ms]
2023-10-12 12:53:40.659 [info] > git show --textconv :Operators.py [5ms]
2023-10-12 12:53:40.660 [info] > git ls-files --stage -- /home/megame/Learn/python/Operators.py [1ms]
2023-10-12 12:53:40.665 [info] > git cat-file -s ec948586cd0571f7f22a64cc75b74f003e4a3521 [1ms]
2023-10-12 12:53:41.379 [info] > git show --textconv :OOPS.py [7ms]
2023-10-12 12:53:41.381 [info] > git ls-files --stage -- /home/megame/Learn/python/OOPS.py [2ms]
2023-10-12 12:53:41.386 [info] > git cat-file -s fb649afbc5b074911b0254a6b3da30c524b26860 [1ms]
2023-10-12 12:53:42.064 [info] > git show --textconv :Lists&dicts.py [6ms]
2023-10-12 12:53:42.064 [info] > git ls-files --stage -- /home/megame/Learn/python/Lists&dicts.py [1ms]
2023-10-12 12:53:42.069 [info] > git cat-file -s 8bc6d1b09c55173845ac36c2ff53a29362e4c8fe [1ms]
2023-10-12 12:53:43.515 [info] > git show --textconv :Functions2.py [6ms]
2023-10-12 12:53:43.516 [info] > git ls-files --stage -- /home/megame/Learn/python/Functions2.py [1ms]
2023-10-12 12:53:43.521 [info] > git cat-file -s a682c3da9793816fcfee7287b00f9fc83dad434c [1ms]
2023-10-12 12:55:59.046 [info] > git config --get commit.template [8ms]
2023-10-12 12:55:59.047 [info] > git for-each-ref --format=%(refname)%00%(upstream:short)%00%(objectname)%00%(upstream:track)%00%(upstream:remotename)%00%(upstream:remoteref) refs/heads/main refs/remotes/main [1ms]
2023-10-12 12:55:59.099 [info] > git status -z -uall [46ms]
2023-10-12 12:56:04.238 [info] > git config --get commit.template [4ms]
2023-10-12 12:56:04.239 [info] > git for-each-ref --format=%(refname)%00%(upstream:short)%00%(objectname)%00%(upstream:track)%00%(upstream:remotename)%00%(upstream:remoteref) refs/heads/main refs/remotes/main [1ms]
2023-10-12 12:56:04.289 [info] > git status -z -uall [45ms]
2023-10-12 13:08:00.545 [info] > git show --textconv :OOPS.py [12ms]
2023-10-12 13:08:00.546 [info] > git ls-files --stage -- /home/megame/Learn/python/OOPS.py [2ms]
2023-10-12 13:08:00.554 [info] > git cat-file -s fb649afbc5b074911b0254a6b3da30c524b26860 [2ms]
2023-10-12 13:08:02.359 [info] > git show --textconv :packages.py [14ms]
2023-10-12 13:08:02.361 [info] > git ls-files --stage -- /home/megame/Learn/python/packages.py [3ms]
2023-10-12 13:08:02.372 [info] > git cat-file -s 2a9eedb1a8f10961fd31f2810fd90113abcd8d3c [2ms]
2023-10-12 13:08:04.698 [info] > git show --textconv :OOPS.py [15ms]
2023-10-12 13:08:04.700 [info] > git ls-files --stage -- /home/megame/Learn/python/OOPS.py [2ms]
2023-10-12 13:08:04.708 [info] > git cat-file -s fb649afbc5b074911b0254a6b3da30c524b26860 [2ms]
2023-10-12 13:08:06.578 [info] > git show --textconv :Operators.py [11ms]
2023-10-12 13:08:06.579 [info] > git ls-files --stage -- /home/megame/Learn/python/Operators.py [3ms]
2023-10-12 13:08:06.591 [info] > git cat-file -s ec948586cd0571f7f22a64cc75b74f003e4a3521 [2ms]
2023-10-12 13:09:26.272 [info] > git show --textconv :Functions2.py [14ms]
2023-10-12 13:09:26.276 [info] > git ls-files --stage -- /home/megame/Learn/python/Functions2.py [4ms]
2023-10-12 13:09:26.284 [info] > git cat-file -s a682c3da9793816fcfee7287b00f9fc83dad434c [1ms]
2023-10-12 13:09:29.663 [info] > git show --textconv :OOPS.py [4ms]
2023-10-12 13:09:29.665 [info] > git ls-files --stage -- /home/megame/Learn/python/OOPS.py [2ms]
2023-10-12 13:09:29.670 [info] > git cat-file -s fb649afbc5b074911b0254a6b3da30c524b26860 [1ms]
2023-10-12 13:09:31.020 [info] > git show --textconv :Functions2.py [4ms]
2023-10-12 13:09:31.021 [info] > git ls-files --stage -- /home/megame/Learn/python/Functions2.py [1ms]
2023-10-12 13:09:31.028 [info] > git cat-file -s a682c3da9793816fcfee7287b00f9fc83dad434c [0ms]
2023-10-12 13:09:31.580 [info] > git show --textconv :OOPS.py [8ms]
2023-10-12 13:09:31.581 [info] > git ls-files --stage -- /home/megame/Learn/python/OOPS.py [2ms]
2023-10-12 13:09:31.587 [info] > git cat-file -s fb649afbc5b074911b0254a6b3da30c524b26860 [1ms]
2023-10-12 13:40:03.876 [info] > git show --textconv :Decorators.py [18ms]
2023-10-12 13:40:03.876 [info] > git ls-files --stage -- /home/megame/Learn/python/Decorators.py [1ms]
2023-10-12 13:40:03.884 [info] > git cat-file -s 292989fec69d61d46207009ab3a86b3c2efe5284 [2ms]
2023-10-12 13:40:05.011 [info] > git show --textconv :Generators.py [4ms]
2023-10-12 13:40:05.012 [info] > git ls-files --stage -- /home/megame/Learn/python/Generators.py [1ms]
2023-10-12 13:40:05.017 [info] > git cat-file -s 2343372919eaf5b5bd7bdf34f1e3cb1c121a9d53 [1ms]
2023-10-12 14:03:45.831 [info] > git show --textconv :Decorators.py [6ms]
2023-10-12 14:03:45.831 [info] > git ls-files --stage -- /home/megame/Learn/python/Decorators.py [1ms]
2023-10-12 14:03:45.837 [info] > git cat-file -s 292989fec69d61d46207009ab3a86b3c2efe5284 [0ms]
2023-10-12 14:04:28.313 [info] > git show --textconv :Generators.py [5ms]
2023-10-12 14:04:28.315 [info] > git ls-files --stage -- /home/megame/Learn/python/Generators.py [2ms]
2023-10-12 14:04:28.320 [info] > git cat-file -s 2343372919eaf5b5bd7bdf34f1e3cb1c121a9d53 [1ms]
2023-10-12 14:04:28.829 [info] > git show --textconv :Decorators.py [5ms]
2023-10-12 14:04:28.830 [info] > git ls-files --stage -- /home/megame/Learn/python/Decorators.py [1ms]
2023-10-12 14:04:28.835 [info] > git cat-file -s 292989fec69d61d46207009ab3a86b3c2efe5284 [1ms]
2023-10-12 14:04:29.229 [info] > git show --textconv :Generators.py [5ms]
2023-10-12 14:04:29.230 [info] > git ls-files --stage -- /home/megame/Learn/python/Generators.py [1ms]
2023-10-12 14:04:29.235 [info] > git cat-file -s 2343372919eaf5b5bd7bdf34f1e3cb1c121a9d53 [1ms]
2023-10-12 14:04:30.647 [info] > git show --textconv :Decorators.py [6ms]
2023-10-12 14:04:30.652 [info] > git ls-files --stage -- /home/megame/Learn/python/Decorators.py [5ms]
2023-10-12 14:04:30.658 [info] > git cat-file -s 292989fec69d61d46207009ab3a86b3c2efe5284 [1ms]
2023-10-12 14:11:45.621 [info] > git check-ignore -v -z --stdin [1ms]
2023-10-12 14:11:47.749 [info] > git check-ignore -v -z --stdin [1ms]
2023-10-12 14:11:49.089 [info] > git check-ignore -v -z --stdin [1ms]
2023-10-12 14:11:50.668 [info] > git check-ignore -v -z --stdin [1ms]
2023-10-12 14:11:52.060 [info] > git show --textconv :Milestone_projects/MilestoneProject2/Main/Card.py [5ms]
2023-10-12 14:11:52.061 [info] > git ls-files --stage -- /home/megame/Learn/python/Milestone_projects/MilestoneProject2/Main/Card.py [1ms]
2023-10-12 14:11:52.066 [info] > git cat-file -s dcec84b3c9dfdfabab8833d000e065ad611e360f [1ms]
2023-10-12 14:11:54.711 [info] > git show --textconv :Milestone_projects/MilestoneProject2/Main/Chip.py [6ms]
2023-10-12 14:11:54.712 [info] > git ls-files --stage -- /home/megame/Learn/python/Milestone_projects/MilestoneProject2/Main/Chip.py [2ms]
2023-10-12 14:11:54.717 [info] > git cat-file -s 667d71e01e141ab6192e783ae5ef62d1abb1dc92 [0ms]
2023-10-12 14:11:56.257 [info] > git show --textconv :Milestone_projects/MilestoneProject2/Main/Chip.py [5ms]
2023-10-12 14:11:56.259 [info] > git ls-files --stage -- /home/megame/Learn/python/Milestone_projects/MilestoneProject2/Main/Chip.py [2ms]
2023-10-12 14:11:56.264 [info] > git cat-file -s 667d71e01e141ab6192e783ae5ef62d1abb1dc92 [2ms]
2023-10-12 14:11:58.702 [info] > git show --textconv :Milestone_projects/MilestoneProject2/Main/Deck.py [7ms]
2023-10-12 14:11:58.702 [info] > git ls-files --stage -- /home/megame/Learn/python/Milestone_projects/MilestoneProject2/Main/Deck.py [1ms]
2023-10-12 14:11:58.708 [info] > git cat-file -s f01d74542b64be8b72553e72383b96d3a33444d0 [1ms]
2023-10-12 14:12:00.521 [info] > git show --textconv :Milestone_projects/MilestoneProject2/Main/Deck.py [5ms]
2023-10-12 14:12:00.523 [info] > git ls-files --stage -- /home/megame/Learn/python/Milestone_projects/MilestoneProject2/Main/Deck.py [2ms]
2023-10-12 14:12:00.527 [info] > git cat-file -s f01d74542b64be8b72553e72383b96d3a33444d0 [1ms]
2023-10-12 14:12:03.748 [info] > git show --textconv :Milestone_projects/MilestoneProject2/Main/Player.py [5ms]
2023-10-12 14:12:03.749 [info] > git ls-files --stage -- /home/megame/Learn/python/Milestone_projects/MilestoneProject2/Main/Player.py [1ms]
2023-10-12 14:12:03.754 [info] > git cat-file -s a501a41bf6de0ce1b92e8d25bf39638afe670843 [1ms]
2023-10-12 14:12:05.767 [info] > git show --textconv :Milestone_projects/MilestoneProject2/Main/Player.py [5ms]
2023-10-12 14:12:05.768 [info] > git ls-files --stage -- /home/megame/Learn/python/Milestone_projects/MilestoneProject2/Main/Player.py [1ms]
2023-10-12 14:12:05.773 [info] > git cat-file -s a501a41bf6de0ce1b92e8d25bf39638afe670843 [1ms]
2023-10-12 14:12:09.318 [info] > git show --textconv :Milestone_projects/MilestoneProject2/Main/Main.py [5ms]
2023-10-12 14:12:09.319 [info] > git ls-files --stage -- /home/megame/Learn/python/Milestone_projects/MilestoneProject2/Main/Main.py [1ms]
2023-10-12 14:12:09.325 [info] > git cat-file -s cfedb2623e7e845a2ec56437a5df7b4ca0fe1fce [1ms]
2023-10-12 14:12:14.159 [info] > git show --textconv :Milestone_projects/MilestoneProject2/Main/Main.py [6ms]
2023-10-12 14:12:14.162 [info] > git ls-files --stage -- /home/megame/Learn/python/Milestone_projects/MilestoneProject2/Main/Main.py [3ms]
2023-10-12 14:12:14.166 [info] > git cat-file -s cfedb2623e7e845a2ec56437a5df7b4ca0fe1fce [1ms]
2023-10-12 14:12:15.205 [info] > git show --textconv :Milestone_projects/MilestoneProject2/Main/Chip.py [6ms]
2023-10-12 14:12:15.206 [info] > git ls-files --stage -- /home/megame/Learn/python/Milestone_projects/MilestoneProject2/Main/Chip.py [2ms]
2023-10-12 14:12:15.212 [info] > git cat-file -s 667d71e01e141ab6192e783ae5ef62d1abb1dc92 [1ms]
2023-10-12 14:12:16.872 [info] > git show --textconv :Milestone_projects/MilestoneProject2/Main/Card.py [6ms]
2023-10-12 14:12:16.873 [info] > git ls-files --stage -- /home/megame/Learn/python/Milestone_projects/MilestoneProject2/Main/Card.py [2ms]
2023-10-12 14:12:16.878 [info] > git cat-file -s dcec84b3c9dfdfabab8833d000e065ad611e360f [1ms]
2023-10-12 14:12:17.393 [info] > git show --textconv :Milestone_projects/MilestoneProject2/Main/Deck.py [5ms]
2023-10-12 14:12:17.395 [info] > git ls-files --stage -- /home/megame/Learn/python/Milestone_projects/MilestoneProject2/Main/Deck.py [2ms]
2023-10-12 14:12:17.402 [info] > git cat-file -s f01d74542b64be8b72553e72383b96d3a33444d0 [1ms]
2023-10-12 14:12:17.939 [info] > git show --textconv :Milestone_projects/MilestoneProject2/Main/Player.py [4ms]
2023-10-12 14:12:17.941 [info] > git ls-files --stage -- /home/megame/Learn/python/Milestone_projects/MilestoneProject2/Main/Player.py [2ms]
2023-10-12 14:12:17.946 [info] > git cat-file -s a501a41bf6de0ce1b92e8d25bf39638afe670843 [0ms]
2023-10-12 14:12:18.416 [info] > git show --textconv :Milestone_projects/MilestoneProject2/Main/Chip.py [5ms]
2023-10-12 14:12:18.417 [info] > git ls-files --stage -- /home/megame/Learn/python/Milestone_projects/MilestoneProject2/Main/Chip.py [1ms]
2023-10-12 14:12:18.423 [info] > git cat-file -s 667d71e01e141ab6192e783ae5ef62d1abb1dc92 [2ms]
2023-10-12 14:12:18.964 [info] > git show --textconv :Milestone_projects/MilestoneProject2/Main/Main.py [5ms]
2023-10-12 14:12:18.965 [info] > git ls-files --stage -- /home/megame/Learn/python/Milestone_projects/MilestoneProject2/Main/Main.py [1ms]
2023-10-12 14:12:18.971 [info] > git cat-file -s cfedb2623e7e845a2ec56437a5df7b4ca0fe1fce [1ms]
2023-10-12 14:12:19.815 [info] > git show --textconv :Milestone_projects/MilestoneProject2/Main/Card.py [16ms]
2023-10-12 14:12:19.817 [info] > git ls-files --stage -- /home/megame/Learn/python/Milestone_projects/MilestoneProject2/Main/Card.py [3ms]
2023-10-12 14:12:19.825 [info] > git cat-file -s dcec84b3c9dfdfabab8833d000e065ad611e360f [1ms]
2023-10-12 14:16:58.302 [info] > git show --textconv :Milestone_projects/MilestoneProject2/Main/Deck.py [15ms]
2023-10-12 14:16:58.306 [info] > git ls-files --stage -- /home/megame/Learn/python/Milestone_projects/MilestoneProject2/Main/Deck.py [3ms]
2023-10-12 14:16:58.315 [info] > git cat-file -s f01d74542b64be8b72553e72383b96d3a33444d0 [2ms]
2023-10-12 14:19:07.672 [info] > git config --get commit.template [8ms]
2023-10-12 14:19:07.673 [info] > git for-each-ref --format=%(refname)%00%(upstream:short)%00%(objectname)%00%(upstream:track)%00%(upstream:remotename)%00%(upstream:remoteref) refs/heads/main refs/remotes/main [1ms]
2023-10-12 14:19:07.726 [info] > git status -z -uall [48ms]
2023-10-12 14:21:01.809 [info] > git show --textconv :Milestone_projects/MilestoneProject2/Main/Card.py [20ms]
2023-10-12 14:21:01.810 [info] > git ls-files --stage -- /home/megame/Learn/python/Milestone_projects/MilestoneProject2/Main/Card.py [2ms]
2023-10-12 14:21:01.818 [info] > git cat-file -s dcec84b3c9dfdfabab8833d000e065ad611e360f [1ms]
2023-10-12 14:21:04.059 [info] > git show --textconv :Milestone_projects/MilestoneProject2/Main/Deck.py [5ms]
2023-10-12 14:21:04.060 [info] > git ls-files --stage -- /home/megame/Learn/python/Milestone_projects/MilestoneProject2/Main/Deck.py [1ms]
2023-10-12 14:21:04.065 [info] > git cat-file -s f01d74542b64be8b72553e72383b96d3a33444d0 [1ms]
2023-10-12 14:23:40.961 [info] > git show --textconv :Milestone_projects/MilestoneProject2/Main/Player.py [5ms]
2023-10-12 14:23:40.962 [info] > git ls-files --stage -- /home/megame/Learn/python/Milestone_projects/MilestoneProject2/Main/Player.py [2ms]
2023-10-12 14:23:40.967 [info] > git cat-file -s a501a41bf6de0ce1b92e8d25bf39638afe670843 [1ms]
2023-10-12 14:29:26.485 [info] > git config --get commit.template [6ms]
2023-10-12 14:29:26.487 [info] > git for-each-ref --format=%(refname)%00%(upstream:short)%00%(objectname)%00%(upstream:track)%00%(upstream:remotename)%00%(upstream:remoteref) refs/heads/main refs/remotes/main [2ms]
2023-10-12 14:29:26.538 [info] > git status -z -uall [46ms]
2023-10-12 14:34:23.751 [info] > git show --textconv :Milestone_projects/MilestoneProject2/Main/Chip.py [6ms]
2023-10-12 14:34:23.752 [info] > git ls-files --stage -- /home/megame/Learn/python/Milestone_projects/MilestoneProject2/Main/Chip.py [1ms]
2023-10-12 14:34:23.758 [info] > git cat-file -s 667d71e01e141ab6192e783ae5ef62d1abb1dc92 [1ms]
2023-10-12 14:35:13.070 [info] > git show --textconv :Milestone_projects/MilestoneProject2/Main/Main.py [5ms]
2023-10-12 14:35:13.071 [info] > git ls-files --stage -- /home/megame/Learn/python/Milestone_projects/MilestoneProject2/Main/Main.py [1ms]
2023-10-12 14:35:13.076 [info] > git cat-file -s cfedb2623e7e845a2ec56437a5df7b4ca0fe1fce [1ms]
2023-10-12 14:40:58.206 [info] > git show --textconv :Milestone_projects/MilestoneProject2/Main/Chip.py [19ms]
2023-10-12 14:40:58.206 [info] > git ls-files --stage -- /home/megame/Learn/python/Milestone_projects/MilestoneProject2/Main/Chip.py [1ms]
2023-10-12 14:40:58.217 [info] > git cat-file -s 667d71e01e141ab6192e783ae5ef62d1abb1dc92 [2ms]
2023-10-12 14:40:58.856 [info] > git show --textconv :Milestone_projects/MilestoneProject2/Main/Player.py [5ms]
2023-10-12 14:40:58.857 [info] > git ls-files --stage -- /home/megame/Learn/python/Milestone_projects/MilestoneProject2/Main/Player.py [1ms]
2023-10-12 14:40:58.861 [info] > git cat-file -s a501a41bf6de0ce1b92e8d25bf39638afe670843 [1ms]
2023-10-12 14:40:59.827 [info] > git show --textconv :Milestone_projects/MilestoneProject2/Main/Deck.py [13ms]
2023-10-12 14:40:59.828 [info] > git ls-files --stage -- /home/megame/Learn/python/Milestone_projects/MilestoneProject2/Main/Deck.py [2ms]
2023-10-12 14:40:59.836 [info] > git cat-file -s f01d74542b64be8b72553e72383b96d3a33444d0 [1ms]
2023-10-12 14:41:00.566 [info] > git show --textconv :Milestone_projects/MilestoneProject2/Main/Card.py [9ms]
2023-10-12 14:41:00.568 [info] > git ls-files --stage -- /home/megame/Learn/python/Milestone_projects/MilestoneProject2/Main/Card.py [2ms]
2023-10-12 14:41:00.578 [info] > git cat-file -s dcec84b3c9dfdfabab8833d000e065ad611e360f [3ms]
2023-10-12 14:41:03.322 [info] > git check-ignore -v -z --stdin [3ms]
2023-10-12 14:41:04.572 [info] > git show --textconv :Errors/Error.py [5ms]
2023-10-12 14:41:04.573 [info] > git ls-files --stage -- /home/megame/Learn/python/Errors/Error.py [1ms]
2023-10-12 14:41:04.578 [info] > git cat-file -s b5d6890acc7dee4281b9a04bce62ca0bd74cdeb8 [1ms]
2023-10-12 14:41:14.027 [info] > git show --textconv :Errors/test_cap.py [6ms]
2023-10-12 14:41:14.029 [info] > git ls-files --stage -- /home/megame/Learn/python/Errors/test_cap.py [3ms]
2023-10-12 14:41:14.034 [info] > git cat-file -s 78e55def9fed09acb86e8096c1d8ba5c41a17526 [1ms]
2023-10-12 14:41:15.373 [info] > git show --textconv :Errors/test_cap.py [5ms]
2023-10-12 14:41:15.374 [info] > git ls-files --stage -- /home/megame/Learn/python/Errors/test_cap.py [1ms]
2023-10-12 14:41:15.380 [info] > git cat-file -s 78e55def9fed09acb86e8096c1d8ba5c41a17526 [1ms]
2023-10-12 14:41:17.916 [info] > git show --textconv :Errors/cap.py [6ms]
2023-10-12 14:41:17.917 [info] > git ls-files --stage -- /home/megame/Learn/python/Errors/cap.py [1ms]
2023-10-12 14:41:17.922 [info] > git cat-file -s a6d17fdf949abe4762870fd6d2f4fb84307a2e1f [1ms]
2023-10-12 14:41:19.309 [info] > git show --textconv :Errors/cap.py [5ms]
2023-10-12 14:41:19.310 [info] > git ls-files --stage -- /home/megame/Learn/python/Errors/cap.py [1ms]
2023-10-12 14:41:19.314 [info] > git cat-file -s a6d17fdf949abe4762870fd6d2f4fb84307a2e1f [1ms]
2023-10-12 14:41:20.498 [info] > git show --textconv :Errors/test_cap.py [5ms]
2023-10-12 14:41:20.498 [info] > git ls-files --stage -- /home/megame/Learn/python/Errors/test_cap.py [1ms]
2023-10-12 14:41:20.503 [info] > git cat-file -s 78e55def9fed09acb86e8096c1d8ba5c41a17526 [1ms]
2023-10-12 14:41:21.062 [info] > git show --textconv :Errors/Error.py [5ms]
2023-10-12 14:41:21.063 [info] > git ls-files --stage -- /home/megame/Learn/python/Errors/Error.py [1ms]
2023-10-12 14:41:21.068 [info] > git cat-file -s b5d6890acc7dee4281b9a04bce62ca0bd74cdeb8 [1ms]
2023-10-12 14:41:49.378 [info] > git show --textconv :Milestone_projects/MilestoneProject2/Main/Player.py [6ms]
2023-10-12 14:41:49.379 [info] > git ls-files --stage -- /home/megame/Learn/python/Milestone_projects/MilestoneProject2/Main/Player.py [1ms]
2023-10-12 14:41:49.384 [info] > git cat-file -s a501a41bf6de0ce1b92e8d25bf39638afe670843 [1ms]
2023-10-12 14:41:58.552 [info] > git show --textconv :Errors/Error.py [5ms]
2023-10-12 14:41:58.553 [info] > git ls-files --stage -- /home/megame/Learn/python/Errors/Error.py [2ms]
2023-10-12 14:41:58.557 [info] > git cat-file -s b5d6890acc7dee4281b9a04bce62ca0bd74cdeb8 [1ms]
2023-10-12 14:42:01.051 [info] > git show --textconv :Errors/Error.py [5ms]
2023-10-12 14:42:01.053 [info] > git ls-files --stage -- /home/megame/Learn/python/Errors/Error.py [2ms]
2023-10-12 14:42:01.058 [info] > git cat-file -s b5d6890acc7dee4281b9a04bce62ca0bd74cdeb8 [1ms]
2023-10-12 14:42:03.902 [info] > git show --textconv :Milestone_projects/MilestoneProject2/Main/Player.py [7ms]
2023-10-12 14:42:03.902 [info] > git ls-files --stage -- /home/megame/Learn/python/Milestone_projects/MilestoneProject2/Main/Player.py [1ms]
2023-10-12 14:42:03.907 [info] > git cat-file -s a501a41bf6de0ce1b92e8d25bf39638afe670843 [1ms]
2023-10-12 14:42:08.450 [info] > git show --textconv :Milestone_projects/MilestoneProject2/Main/Main.py [5ms]
2023-10-12 14:42:08.450 [info] > git ls-files --stage -- /home/megame/Learn/python/Milestone_projects/MilestoneProject2/Main/Main.py [1ms]
2023-10-12 14:42:08.456 [info] > git cat-file -s cfedb2623e7e845a2ec56437a5df7b4ca0fe1fce [1ms]
2023-10-12 14:42:47.888 [info] > git show --textconv :Errors/Error.py [5ms]
2023-10-12 14:42:47.889 [info] > git ls-files --stage -- /home/megame/Learn/python/Errors/Error.py [1ms]
2023-10-12 14:42:47.894 [info] > git cat-file -s b5d6890acc7dee4281b9a04bce62ca0bd74cdeb8 [1ms]
2023-10-12 14:44:44.103 [info] > git config --get commit.template [10ms]
2023-10-12 14:44:44.104 [info] > git for-each-ref --format=%(refname)%00%(upstream:short)%00%(objectname)%00%(upstream:track)%00%(upstream:remotename)%00%(upstream:remoteref) refs/heads/main refs/remotes/main [2ms]
2023-10-12 14:44:44.160 [info] > git status -z -uall [50ms]
2023-10-12 14:44:44.475 [info] > git show --textconv :Errors/test_cap.py [6ms]
2023-10-12 14:44:44.476 [info] > git ls-files --stage -- /home/megame/Learn/python/Errors/test_cap.py [1ms]
2023-10-12 14:44:44.481 [info] > git cat-file -s 78e55def9fed09acb86e8096c1d8ba5c41a17526 [1ms]
2023-10-12 14:44:46.532 [info] > git show --textconv :Errors/cap.py [7ms]
2023-10-12 14:44:46.533 [info] > git ls-files --stage -- /home/megame/Learn/python/Errors/cap.py [2ms]
2023-10-12 14:44:46.538 [info] > git cat-file -s a6d17fdf949abe4762870fd6d2f4fb84307a2e1f [1ms]
2023-10-12 14:44:47.069 [info] > git show --textconv :Errors/test_cap.py [5ms]
2023-10-12 14:44:47.070 [info] > git ls-files --stage -- /home/megame/Learn/python/Errors/test_cap.py [1ms]
2023-10-12 14:44:47.075 [info] > git cat-file -s 78e55def9fed09acb86e8096c1d8ba5c41a17526 [1ms]
2023-10-12 14:44:49.172 [info] > git config --get commit.template [5ms]
2023-10-12 14:44:49.173 [info] > git for-each-ref --format=%(refname)%00%(upstream:short)%00%(objectname)%00%(upstream:track)%00%(upstream:remotename)%00%(upstream:remoteref) refs/heads/main refs/remotes/main [1ms]
2023-10-12 14:44:49.220 [info] > git status -z -uall [43ms]
2023-10-12 14:44:50.461 [info] > git show --textconv :Errors/cap.py [5ms]
2023-10-12 14:44:50.462 [info] > git ls-files --stage -- /home/megame/Learn/python/Errors/cap.py [1ms]
2023-10-12 14:44:50.467 [info] > git cat-file -s a6d17fdf949abe4762870fd6d2f4fb84307a2e1f [1ms]
2023-10-12 14:44:51.575 [info] > git show --textconv :Errors/test_cap.py [5ms]
2023-10-12 14:44:51.576 [info] > git ls-files --stage -- /home/megame/Learn/python/Errors/test_cap.py [1ms]
2023-10-12 14:44:51.581 [info] > git cat-file -s 78e55def9fed09acb86e8096c1d8ba5c41a17526 [1ms]
2023-10-12 14:45:32.484 [info] > git check-ignore -v -z --stdin [1ms]
2023-10-12 14:45:36.571 [info] > git show --textconv :Milestone_projects/MilestoneProject2/Main/Card.py [5ms]
2023-10-12 14:45:36.572 [info] > git ls-files --stage -- /home/megame/Learn/python/Milestone_projects/MilestoneProject2/Main/Card.py [1ms]
2023-10-12 14:45:36.577 [info] > git cat-file -s dcec84b3c9dfdfabab8833d000e065ad611e360f [1ms]
2023-10-12 14:45:43.576 [info] > git show --textconv :Errors/test_cap.py [10ms]
2023-10-12 14:45:43.578 [info] > git ls-files --stage -- /home/megame/Learn/python/Errors/test_cap.py [3ms]
2023-10-12 14:45:43.586 [info] > git cat-file -s 78e55def9fed09acb86e8096c1d8ba5c41a17526 [1ms]
2023-10-12 14:45:44.320 [info] > git show --textconv :Milestone_projects/MilestoneProject2/Main/Card.py [5ms]
2023-10-12 14:45:44.321 [info] > git ls-files --stage -- /home/megame/Learn/python/Milestone_projects/MilestoneProject2/Main/Card.py [2ms]
2023-10-12 14:45:44.326 [info] > git cat-file -s dcec84b3c9dfdfabab8833d000e065ad611e360f [1ms]
2023-10-12 14:45:44.984 [info] > git show --textconv :Errors/test_cap.py [9ms]
2023-10-12 14:45:44.985 [info] > git ls-files --stage -- /home/megame/Learn/python/Errors/test_cap.py [1ms]
2023-10-12 14:45:44.990 [info] > git cat-file -s 78e55def9fed09acb86e8096c1d8ba5c41a17526 [1ms]
2023-10-12 14:47:19.786 [info] > git config --get commit.template [8ms]
2023-10-12 14:47:19.787 [info] > git for-each-ref --format=%(refname)%00%(upstream:short)%00%(objectname)%00%(upstream:track)%00%(upstream:remotename)%00%(upstream:remoteref) refs/heads/main refs/remotes/main [3ms]
2023-10-12 14:47:19.859 [info] > git status -z -uall [56ms]
2023-10-12 14:47:25.753 [info] > git show --textconv :Advanced_modules/Collections.py [8ms]
2023-10-12 14:47:25.754 [info] > git ls-files --stage -- /home/megame/Learn/python/Advanced_modules/Collections.py [2ms]
2023-10-12 14:47:25.760 [info] > git cat-file -s 16e406de7fa0c4f6e049896a949bf528b50e983f [2ms]
