2023-10-12 11:55:24.528 [info] Extension host with pid 767 started
2023-10-12 11:55:24.529 [info] Skipping acquiring lock for /home/megame/.config/Code - OSS/User/workspaceStorage/de0cf12c92836a695d988275fd9f0d4f.
2023-10-12 11:55:24.866 [info] ExtensionService#_doActivateExtension vscode.emmet, startup: false, activationEvent: 'onLanguage'
2023-10-12 11:55:24.871 [info] ExtensionService#_doActivateExtension ms-python.python, startup: false, activationEvent: 'onLanguage:python'
2023-10-12 11:55:25.129 [info] ExtensionService#_doActivateExtension vscode.git-base, startup: true, activationEvent: '*', root cause: vscode.git
2023-10-12 11:55:25.153 [info] ExtensionService#_doActivateExtension vscode.git, startup: true, activationEvent: '*'
2023-10-12 11:55:25.240 [info] ExtensionService#_doActivateExtension vscode.github, startup: true, activationEvent: '*'
2023-10-12 11:55:25.351 [info] Eager extensions activated
2023-10-12 11:55:25.488 [info] ExtensionService#_doActivateExtension vscode.debug-auto-launch, startup: false, activationEvent: 'onStartupFinished'
2023-10-12 11:55:25.491 [info] ExtensionService#_doActivateExtension vscode.merge-conflict, startup: false, activationEvent: 'onStartupFinished'
2023-10-12 11:55:25.869 [info] ExtensionService#_doActivateExtension vscode.github-authentication, startup: false, activationEvent: 'onAuthenticationRequest:github'
2023-10-12 11:55:26.151 [error] Error: Extension 'ms-python.python' CANNOT use API proposal: testObserver.
Its package.json#enabledApiProposals-property declares:  but NOT testObserver.
 The missing proposal MUST be added and you must start in extension development mode or use the following command line switch: --enable-proposed-api ms-python.python
	at E (/usr/lib/code/out/vs/workbench/api/node/extensionHostProcess.js:123:71061)
	at get testResults [as testResults] (/usr/lib/code/out/vs/workbench/api/node/extensionHostProcess.js:140:23653)
	at w.activate (/home/megame/.vscode-oss/extensions/ms-python.python-2023.18.0-universal/out/client/extension.js:2:828271)
	at /home/megame/.vscode-oss/extensions/ms-python.python-2023.18.0-universal/out/client/extension.js:2:2386
	at Array.map (<anonymous>)
	at g.activateWorkspace (/home/megame/.vscode-oss/extensions/ms-python.python-2023.18.0-universal/out/client/extension.js:2:2376)
2023-10-12 11:55:26.382 [error] Error: Pending response rejected since connection got disposed
	at Object.dispose (/home/megame/.vscode-oss/extensions/ms-python.python-2023.18.0-universal/out/client/extension.js:2:2318937)
	at Object.dispose (/home/megame/.vscode-oss/extensions/ms-python.python-2023.18.0-universal/out/client/extension.js:2:2085486)
	at E.handleConnectionClosed (/home/megame/.vscode-oss/extensions/ms-python.python-2023.18.0-universal/out/client/extension.js:2:2085892)
	at E.handleConnectionClosed (/home/megame/.vscode-oss/extensions/ms-python.python-2023.18.0-universal/out/client/extension.js:2:2243068)
	at /home/megame/.vscode-oss/extensions/ms-python.python-2023.18.0-universal/out/client/extension.js:2:2085635
	at i.invoke (/home/megame/.vscode-oss/extensions/ms-python.python-2023.18.0-universal/out/client/extension.js:2:2320648)
	at o.fire (/home/megame/.vscode-oss/extensions/ms-python.python-2023.18.0-universal/out/client/extension.js:2:2321413)
	at te (/home/megame/.vscode-oss/extensions/ms-python.python-2023.18.0-universal/out/client/extension.js:2:2307060)
	at i.invoke (/home/megame/.vscode-oss/extensions/ms-python.python-2023.18.0-universal/out/client/extension.js:2:2320648)
	at o.fire (/home/megame/.vscode-oss/extensions/ms-python.python-2023.18.0-universal/out/client/extension.js:2:2321413)
	at y.fireClose (/home/megame/.vscode-oss/extensions/ms-python.python-2023.18.0-universal/out/client/extension.js:2:2332864)
	at Socket.<anonymous> (/home/megame/.vscode-oss/extensions/ms-python.python-2023.18.0-universal/out/client/extension.js:2:2333594)
	at Socket.emit (node:events:513:28)
	at Pipe.<anonymous> (node:net:322:12)
2023-10-12 11:55:26.382 [error] Error: Client is not running and can't be stopped. It's current state is: starting
	at E.shutdown (/home/megame/.vscode-oss/extensions/ms-python.python-2023.18.0-universal/out/client/extension.js:2:2080806)
	at E.stop (/home/megame/.vscode-oss/extensions/ms-python.python-2023.18.0-universal/out/client/extension.js:2:2080387)
	at E.stop (/home/megame/.vscode-oss/extensions/ms-python.python-2023.18.0-universal/out/client/extension.js:2:2242667)
	at E.doInitialize (/home/megame/.vscode-oss/extensions/ms-python.python-2023.18.0-universal/out/client/extension.js:2:2080210)
	at async E.start (/home/megame/.vscode-oss/extensions/ms-python.python-2023.18.0-universal/out/client/extension.js:2:2076776)
	at async l.start (/home/megame/.vscode-oss/extensions/ms-python.python-2023.18.0-universal/out/client/extension.js:2:19361)
2023-10-12 11:55:26.425 [error] Error: Client is not running and can't be stopped. It's current state is: startFailed
	at E.shutdown (/home/megame/.vscode-oss/extensions/ms-python.python-2023.18.0-universal/out/client/extension.js:2:2080806)
	at E.stop (/home/megame/.vscode-oss/extensions/ms-python.python-2023.18.0-universal/out/client/extension.js:2:2080387)
	at E.stop (/home/megame/.vscode-oss/extensions/ms-python.python-2023.18.0-universal/out/client/extension.js:2:2242667)
	at E.doInitialize (/home/megame/.vscode-oss/extensions/ms-python.python-2023.18.0-universal/out/client/extension.js:2:2080210)
	at async E.start (/home/megame/.vscode-oss/extensions/ms-python.python-2023.18.0-universal/out/client/extension.js:2:2076776)
2023-10-12 11:55:26.477 [error] Error: write EPIPE
	at afterWriteDispatched (node:internal/stream_base_commons:160:15)
	at writeGeneric (node:internal/stream_base_commons:151:3)
	at Socket._writeGeneric (node:net:930:11)
	at Socket._write (node:net:942:8)
	at writeOrBuffer (node:internal/streams/writable:392:12)
	at _write (node:internal/streams/writable:333:10)
	at Writable.write (node:internal/streams/writable:337:10)
	at /home/megame/.vscode-oss/extensions/ms-python.python-2023.18.0-universal/out/client/extension.js:2:2346505
	at new Promise (<anonymous>)
	at a.write (/home/megame/.vscode-oss/extensions/ms-python.python-2023.18.0-universal/out/client/extension.js:2:2346423)
	at y.doWrite (/home/megame/.vscode-oss/extensions/ms-python.python-2023.18.0-universal/out/client/extension.js:2:2334019)
	at /home/megame/.vscode-oss/extensions/ms-python.python-2023.18.0-universal/out/client/extension.js:2:2333914
2023-10-12 11:55:26.478 [error] Error: Client is not running and can't be stopped. It's current state is: startFailed
	at E.shutdown (/home/megame/.vscode-oss/extensions/ms-python.python-2023.18.0-universal/out/client/extension.js:2:2080806)
	at E.stop (/home/megame/.vscode-oss/extensions/ms-python.python-2023.18.0-universal/out/client/extension.js:2:2080387)
	at E.stop (/home/megame/.vscode-oss/extensions/ms-python.python-2023.18.0-universal/out/client/extension.js:2:2242667)
	at E.doInitialize (/home/megame/.vscode-oss/extensions/ms-python.python-2023.18.0-universal/out/client/extension.js:2:2080210)
	at process.processTicksAndRejections (node:internal/process/task_queues:95:5)
	at async E.start (/home/megame/.vscode-oss/extensions/ms-python.python-2023.18.0-universal/out/client/extension.js:2:2076776)
2023-10-12 11:55:26.540 [error] Error: Pending response rejected since connection got disposed
	at Object.dispose (/home/megame/.vscode-oss/extensions/ms-python.python-2023.18.0-universal/out/client/extension.js:2:2318937)
	at Object.dispose (/home/megame/.vscode-oss/extensions/ms-python.python-2023.18.0-universal/out/client/extension.js:2:2085486)
	at E.handleConnectionClosed (/home/megame/.vscode-oss/extensions/ms-python.python-2023.18.0-universal/out/client/extension.js:2:2085892)
	at E.handleConnectionClosed (/home/megame/.vscode-oss/extensions/ms-python.python-2023.18.0-universal/out/client/extension.js:2:2243068)
	at /home/megame/.vscode-oss/extensions/ms-python.python-2023.18.0-universal/out/client/extension.js:2:2085635
	at i.invoke (/home/megame/.vscode-oss/extensions/ms-python.python-2023.18.0-universal/out/client/extension.js:2:2320648)
	at o.fire (/home/megame/.vscode-oss/extensions/ms-python.python-2023.18.0-universal/out/client/extension.js:2:2321413)
	at te (/home/megame/.vscode-oss/extensions/ms-python.python-2023.18.0-universal/out/client/extension.js:2:2307060)
	at i.invoke (/home/megame/.vscode-oss/extensions/ms-python.python-2023.18.0-universal/out/client/extension.js:2:2320648)
	at o.fire (/home/megame/.vscode-oss/extensions/ms-python.python-2023.18.0-universal/out/client/extension.js:2:2321413)
	at y.fireClose (/home/megame/.vscode-oss/extensions/ms-python.python-2023.18.0-universal/out/client/extension.js:2:2332864)
	at Socket.<anonymous> (/home/megame/.vscode-oss/extensions/ms-python.python-2023.18.0-universal/out/client/extension.js:2:2333594)
	at Socket.emit (node:events:513:28)
	at Pipe.<anonymous> (node:net:322:12)
2023-10-12 11:55:26.541 [error] Error: Client is not running and can't be stopped. It's current state is: starting
	at E.shutdown (/home/megame/.vscode-oss/extensions/ms-python.python-2023.18.0-universal/out/client/extension.js:2:2080806)
	at E.stop (/home/megame/.vscode-oss/extensions/ms-python.python-2023.18.0-universal/out/client/extension.js:2:2080387)
	at E.stop (/home/megame/.vscode-oss/extensions/ms-python.python-2023.18.0-universal/out/client/extension.js:2:2242667)
	at E.doInitialize (/home/megame/.vscode-oss/extensions/ms-python.python-2023.18.0-universal/out/client/extension.js:2:2080210)
	at async E.start (/home/megame/.vscode-oss/extensions/ms-python.python-2023.18.0-universal/out/client/extension.js:2:2076776)
2023-10-12 11:55:26.604 [error] Error: Client is not running and can't be stopped. It's current state is: startFailed
	at E.shutdown (/home/megame/.vscode-oss/extensions/ms-python.python-2023.18.0-universal/out/client/extension.js:2:2080806)
	at E.stop (/home/megame/.vscode-oss/extensions/ms-python.python-2023.18.0-universal/out/client/extension.js:2:2080387)
	at E.stop (/home/megame/.vscode-oss/extensions/ms-python.python-2023.18.0-universal/out/client/extension.js:2:2242667)
	at E.doInitialize (/home/megame/.vscode-oss/extensions/ms-python.python-2023.18.0-universal/out/client/extension.js:2:2080210)
	at async E.start (/home/megame/.vscode-oss/extensions/ms-python.python-2023.18.0-universal/out/client/extension.js:2:2076776)
2023-10-12 11:56:02.503 [info] ExtensionService#_doActivateExtension vscode.json-language-features, startup: false, activationEvent: 'onLanguage:jsonc'
2023-10-12 11:56:02.522 [info] ExtensionService#_doActivateExtension vscode.typescript-language-features, startup: false, activationEvent: 'onLanguage:jsonc'
